State 96 contains 1 shift/reduce conflict.

Grammar
rule 1    NModule -> NGlobalSpace NFunctionList
rule 2    NGlobalSpace -> globalTKN NIntConst
rule 3    NFunctionList -> NFunctionList NFunction
rule 4    NFunctionList -> NFunction
rule 5    NFunctionList -> NFunction error
rule 6    @1 ->		/* empty */
rule 7    NFunction -> NIdent @1 NCompoundStmt
rule 8    NCompoundStmt -> '{' NIntConst NStmtList '}'
rule 9    NStmtList -> NStmtList NStmt
rule 10   NStmtList -> NStmt
rule 11   NStmt -> NAssignStmt
rule 12   NStmt -> NWhileStmt
rule 13   NStmt -> IfStmt
rule 14   NStmt -> NFunctionCall
rule 15   NStmt -> NCompoundStmt
rule 16   NStmt -> NReturnStmt
rule 17   NStmt -> NPrintStmt
rule 18   NStmt -> NPrintLnStmt
rule 19   NAssignStmt -> assignTKN NVariable NExpr
rule 20   NAssignStmt -> assignTKN NBigVariable NBigVariable
rule 21   NAssignStmt -> assignTKN NDatatype pointerTKN intTKN localTKN NOffset NExpr
rule 22   NAssignStmt -> assignTKN NDatatype pointerTKN intTKN localTKN NOffset NExpr NBigVariable
rule 23   NWhileStmt -> whileTKN NExpr NStmt
rule 24   IfStmt -> ifTKN NExpr thenTKN NStmt
rule 25   IfStmt -> ifTKN NExpr thenTKN NStmt elseTKN NStmt
rule 26   NFunctionCall -> callTKN NIdent '(' NIntConst ')'
rule 27   NReturnStmt -> returnTKN
rule 28   NPrintStmt -> printTKN NPrintList
rule 29   NPrintStmt -> printTKN
rule 30   NPrintLnStmt -> printlnTKN
rule 31   NPrintList -> NPrintList NPrintItem
rule 32   NPrintList -> NPrintItem
rule 33   NPrintItem -> NString
rule 34   NPrintItem -> NExpr
rule 35   NExpr -> NBinOp NExpr NExpr
rule 36   NExpr -> NUnaryOp NExpr
rule 37   NExpr -> addressofTKN NVariable
rule 38   NExpr -> addressofTKN NBigVariable
rule 39   NExpr -> NVariable
rule 40   NExpr -> NVariablePtr
rule 41   NExpr -> NIntConst
rule 42   NExpr -> NRealConst
rule 43   NBinOp -> '+'
rule 44   NBinOp -> '-'
rule 45   NBinOp -> '*'
rule 46   NBinOp -> '/'
rule 47   NBinOp -> '%'
rule 48   NBinOp -> '<'
rule 49   NBinOp -> '>'
rule 50   NBinOp -> equalTKN
rule 51   NBinOp -> lessequalTKN
rule 52   NBinOp -> greaterequalTKN
rule 53   NBinOp -> notequalTKN
rule 54   NBinOp -> corTKN
rule 55   NBinOp -> candTKN
rule 56   NUnaryOp -> uminusTKN
rule 57   NUnaryOp -> '!'
rule 58   NVariable -> NDatatype NObjectArea NOffset
rule 59   NVariablePtr -> NDatatype pointerTKN intTKN localTKN NOffset
rule 60   NVariablePtr -> bigTKN NIntConst pointerTKN intTKN localTKN NOffset
rule 61   NBigVariable -> bigTKN NIntConst NObjectArea NOffset
rule 62   NDatatype -> intTKN
rule 63   NDatatype -> realTKN
rule 64   NObjectArea -> localTKN
rule 65   NObjectArea -> globalTKN
rule 66   NOffset -> NExpr
rule 67   NIntConst -> integerConstTKN
rule 68   NRealConst -> realConstTKN
rule 69   NIdent -> identTKN
rule 70   NString -> stringTKN

Terminals, with rules where they appear

$ (-1)
'!' (33) 57
'%' (37) 47
'(' (40) 26
')' (41) 26
'*' (42) 45
'+' (43) 43
'-' (45) 44
'/' (47) 46
'<' (60) 48
'>' (62) 49
'{' (123) 8
'}' (125) 8
error (256) 5
integerConstTKN (258) 67
realConstTKN (259) 68
identTKN (260) 69
intTKN (261) 21 22 59 60 62
realTKN (262) 63
bigTKN (263) 60 61
whileTKN (264) 23
elseTKN (265) 25
thenTKN (266) 24 25
ifTKN (267) 24 25
assignTKN (268) 19 20 21 22
returnTKN (269) 27
callTKN (270) 26
printTKN (271) 28 29
printlnTKN (272) 30
lessequalTKN (273) 51
greaterequalTKN (274) 52
notequalTKN (275) 53
equalTKN (276) 50
corTKN (277) 54
candTKN (278) 55
globalTKN (279) 2 65
localTKN (280) 21 22 59 60 64
pointerTKN (281) 21 22 59 60
stringTKN (282) 70
uminusTKN (283) 56
addressofTKN (284) 37 38

Nonterminals, with rules where they appear

NModule (42)
    on left: 1
NGlobalSpace (43)
    on left: 2, on right: 1
NFunctionList (44)
    on left: 3 4 5, on right: 1 3
NFunction (45)
    on left: 7, on right: 3 4 5
@1 (46)
    on left: 6, on right: 7
NCompoundStmt (47)
    on left: 8, on right: 7 15
NStmtList (48)
    on left: 9 10, on right: 8 9
NStmt (49)
    on left: 11 12 13 14 15 16 17 18, on right: 9 10 23 24 25
NAssignStmt (50)
    on left: 19 20 21 22, on right: 11
NWhileStmt (51)
    on left: 23, on right: 12
IfStmt (52)
    on left: 24 25, on right: 13
NFunctionCall (53)
    on left: 26, on right: 14
NReturnStmt (54)
    on left: 27, on right: 16
NPrintStmt (55)
    on left: 28 29, on right: 17
NPrintLnStmt (56)
    on left: 30, on right: 18
NPrintList (57)
    on left: 31 32, on right: 28 31
NPrintItem (58)
    on left: 33 34, on right: 31 32
NExpr (59)
    on left: 35 36 37 38 39 40 41 42, on right: 19 21 22 23 24 25 34
    35 36 66
NBinOp (60)
    on left: 43 44 45 46 47 48 49 50 51 52 53 54 55,
    on right: 35
NUnaryOp (61)
    on left: 56 57, on right: 36
NVariable (62)
    on left: 58, on right: 19 37 39
NVariablePtr (63)
    on left: 59 60, on right: 40
NBigVariable (64)
    on left: 61, on right: 20 22 38
NDatatype (65)
    on left: 62 63, on right: 21 22 58 59
NObjectArea (66)
    on left: 64 65, on right: 58 61
NOffset (67)
    on left: 66, on right: 21 22 58 59 60 61
NIntConst (68)
    on left: 67, on right: 2 8 26 41 60 61
NRealConst (69)
    on left: 68, on right: 42
NIdent (70)
    on left: 69, on right: 7 26
NString (71)
    on left: 70, on right: 33


state 0

    globalTKN	shift, and go to state 1

    NModule	go to state 113
    NGlobalSpace	go to state 2



state 1

    NGlobalSpace  ->  globalTKN . NIntConst   (rule 2)

    integerConstTKN	shift, and go to state 3

    NIntConst	go to state 4



state 2

    NModule  ->  NGlobalSpace . NFunctionList   (rule 1)

    identTKN	shift, and go to state 5

    NFunctionList	go to state 6
    NFunction	go to state 7
    NIdent	go to state 8



state 3

    NIntConst  ->  integerConstTKN .   (rule 67)

    $default	reduce using rule 67 (NIntConst)



state 4

    NGlobalSpace  ->  globalTKN NIntConst .   (rule 2)

    $default	reduce using rule 2 (NGlobalSpace)



state 5

    NIdent  ->  identTKN .   (rule 69)

    $default	reduce using rule 69 (NIdent)



state 6

    NModule  ->  NGlobalSpace NFunctionList .   (rule 1)
    NFunctionList  ->  NFunctionList . NFunction   (rule 3)

    identTKN	shift, and go to state 5

    $default	reduce using rule 1 (NModule)

    NFunction	go to state 9
    NIdent	go to state 8



state 7

    NFunctionList  ->  NFunction .   (rule 4)
    NFunctionList  ->  NFunction . error   (rule 5)

    error	shift, and go to state 10

    $   	reduce using rule 4 (NFunctionList)
    identTKN	reduce using rule 4 (NFunctionList)



state 8

    NFunction  ->  NIdent . @1 NCompoundStmt   (rule 7)

    $default	reduce using rule 6 (@1)

    @1  	go to state 11



state 9

    NFunctionList  ->  NFunctionList NFunction .   (rule 3)

    $default	reduce using rule 3 (NFunctionList)



state 10

    NFunctionList  ->  NFunction error .   (rule 5)

    $default	reduce using rule 5 (NFunctionList)



state 11

    NFunction  ->  NIdent @1 . NCompoundStmt   (rule 7)

    '{' 	shift, and go to state 12

    NCompoundStmt	go to state 13



state 12

    NCompoundStmt  ->  '{' . NIntConst NStmtList '}'   (rule 8)

    integerConstTKN	shift, and go to state 3

    NIntConst	go to state 14



state 13

    NFunction  ->  NIdent @1 NCompoundStmt .   (rule 7)

    $default	reduce using rule 7 (NFunction)



state 14

    NCompoundStmt  ->  '{' NIntConst . NStmtList '}'   (rule 8)

    whileTKN	shift, and go to state 15
    ifTKN	shift, and go to state 16
    assignTKN	shift, and go to state 17
    returnTKN	shift, and go to state 18
    callTKN	shift, and go to state 19
    printTKN	shift, and go to state 20
    printlnTKN	shift, and go to state 21
    '{' 	shift, and go to state 12

    NCompoundStmt	go to state 22
    NStmtList	go to state 23
    NStmt	go to state 24
    NAssignStmt	go to state 25
    NWhileStmt	go to state 26
    IfStmt	go to state 27
    NFunctionCall	go to state 28
    NReturnStmt	go to state 29
    NPrintStmt	go to state 30
    NPrintLnStmt	go to state 31



state 15

    NWhileStmt  ->  whileTKN . NExpr NStmt   (rule 23)

    integerConstTKN	shift, and go to state 3
    realConstTKN	shift, and go to state 32
    intTKN	shift, and go to state 33
    realTKN	shift, and go to state 34
    bigTKN	shift, and go to state 35
    lessequalTKN	shift, and go to state 36
    greaterequalTKN	shift, and go to state 37
    notequalTKN	shift, and go to state 38
    equalTKN	shift, and go to state 39
    corTKN	shift, and go to state 40
    candTKN	shift, and go to state 41
    uminusTKN	shift, and go to state 42
    addressofTKN	shift, and go to state 43
    '+' 	shift, and go to state 44
    '-' 	shift, and go to state 45
    '*' 	shift, and go to state 46
    '/' 	shift, and go to state 47
    '%' 	shift, and go to state 48
    '<' 	shift, and go to state 49
    '>' 	shift, and go to state 50
    '!' 	shift, and go to state 51

    NExpr	go to state 52
    NBinOp	go to state 53
    NUnaryOp	go to state 54
    NVariable	go to state 55
    NVariablePtr	go to state 56
    NDatatype	go to state 57
    NIntConst	go to state 58
    NRealConst	go to state 59



state 16

    IfStmt  ->  ifTKN . NExpr thenTKN NStmt   (rule 24)
    IfStmt  ->  ifTKN . NExpr thenTKN NStmt elseTKN NStmt   (rule 25)

    integerConstTKN	shift, and go to state 3
    realConstTKN	shift, and go to state 32
    intTKN	shift, and go to state 33
    realTKN	shift, and go to state 34
    bigTKN	shift, and go to state 35
    lessequalTKN	shift, and go to state 36
    greaterequalTKN	shift, and go to state 37
    notequalTKN	shift, and go to state 38
    equalTKN	shift, and go to state 39
    corTKN	shift, and go to state 40
    candTKN	shift, and go to state 41
    uminusTKN	shift, and go to state 42
    addressofTKN	shift, and go to state 43
    '+' 	shift, and go to state 44
    '-' 	shift, and go to state 45
    '*' 	shift, and go to state 46
    '/' 	shift, and go to state 47
    '%' 	shift, and go to state 48
    '<' 	shift, and go to state 49
    '>' 	shift, and go to state 50
    '!' 	shift, and go to state 51

    NExpr	go to state 60
    NBinOp	go to state 53
    NUnaryOp	go to state 54
    NVariable	go to state 55
    NVariablePtr	go to state 56
    NDatatype	go to state 57
    NIntConst	go to state 58
    NRealConst	go to state 59



state 17

    NAssignStmt  ->  assignTKN . NVariable NExpr   (rule 19)
    NAssignStmt  ->  assignTKN . NBigVariable NBigVariable   (rule 20)
    NAssignStmt  ->  assignTKN . NDatatype pointerTKN intTKN localTKN NOffset NExpr   (rule 21)
    NAssignStmt  ->  assignTKN . NDatatype pointerTKN intTKN localTKN NOffset NExpr NBigVariable   (rule 22)

    intTKN	shift, and go to state 33
    realTKN	shift, and go to state 34
    bigTKN	shift, and go to state 61

    NVariable	go to state 62
    NBigVariable	go to state 63
    NDatatype	go to state 64



state 18

    NReturnStmt  ->  returnTKN .   (rule 27)

    $default	reduce using rule 27 (NReturnStmt)



state 19

    NFunctionCall  ->  callTKN . NIdent '(' NIntConst ')'   (rule 26)

    identTKN	shift, and go to state 5

    NIdent	go to state 65



state 20

    NPrintStmt  ->  printTKN . NPrintList   (rule 28)
    NPrintStmt  ->  printTKN .   (rule 29)

    integerConstTKN	shift, and go to state 3
    realConstTKN	shift, and go to state 32
    intTKN	shift, and go to state 33
    realTKN	shift, and go to state 34
    bigTKN	shift, and go to state 35
    lessequalTKN	shift, and go to state 36
    greaterequalTKN	shift, and go to state 37
    notequalTKN	shift, and go to state 38
    equalTKN	shift, and go to state 39
    corTKN	shift, and go to state 40
    candTKN	shift, and go to state 41
    stringTKN	shift, and go to state 66
    uminusTKN	shift, and go to state 42
    addressofTKN	shift, and go to state 43
    '+' 	shift, and go to state 44
    '-' 	shift, and go to state 45
    '*' 	shift, and go to state 46
    '/' 	shift, and go to state 47
    '%' 	shift, and go to state 48
    '<' 	shift, and go to state 49
    '>' 	shift, and go to state 50
    '!' 	shift, and go to state 51

    $default	reduce using rule 29 (NPrintStmt)

    NPrintList	go to state 67
    NPrintItem	go to state 68
    NExpr	go to state 69
    NBinOp	go to state 53
    NUnaryOp	go to state 54
    NVariable	go to state 55
    NVariablePtr	go to state 56
    NDatatype	go to state 57
    NIntConst	go to state 58
    NRealConst	go to state 59
    NString	go to state 70



state 21

    NPrintLnStmt  ->  printlnTKN .   (rule 30)

    $default	reduce using rule 30 (NPrintLnStmt)



state 22

    NStmt  ->  NCompoundStmt .   (rule 15)

    $default	reduce using rule 15 (NStmt)



state 23

    NCompoundStmt  ->  '{' NIntConst NStmtList . '}'   (rule 8)
    NStmtList  ->  NStmtList . NStmt   (rule 9)

    whileTKN	shift, and go to state 15
    ifTKN	shift, and go to state 16
    assignTKN	shift, and go to state 17
    returnTKN	shift, and go to state 18
    callTKN	shift, and go to state 19
    printTKN	shift, and go to state 20
    printlnTKN	shift, and go to state 21
    '{' 	shift, and go to state 12
    '}' 	shift, and go to state 71

    NCompoundStmt	go to state 22
    NStmt	go to state 72
    NAssignStmt	go to state 25
    NWhileStmt	go to state 26
    IfStmt	go to state 27
    NFunctionCall	go to state 28
    NReturnStmt	go to state 29
    NPrintStmt	go to state 30
    NPrintLnStmt	go to state 31



state 24

    NStmtList  ->  NStmt .   (rule 10)

    $default	reduce using rule 10 (NStmtList)



state 25

    NStmt  ->  NAssignStmt .   (rule 11)

    $default	reduce using rule 11 (NStmt)



state 26

    NStmt  ->  NWhileStmt .   (rule 12)

    $default	reduce using rule 12 (NStmt)



state 27

    NStmt  ->  IfStmt .   (rule 13)

    $default	reduce using rule 13 (NStmt)



state 28

    NStmt  ->  NFunctionCall .   (rule 14)

    $default	reduce using rule 14 (NStmt)



state 29

    NStmt  ->  NReturnStmt .   (rule 16)

    $default	reduce using rule 16 (NStmt)



state 30

    NStmt  ->  NPrintStmt .   (rule 17)

    $default	reduce using rule 17 (NStmt)



state 31

    NStmt  ->  NPrintLnStmt .   (rule 18)

    $default	reduce using rule 18 (NStmt)



state 32

    NRealConst  ->  realConstTKN .   (rule 68)

    $default	reduce using rule 68 (NRealConst)



state 33

    NDatatype  ->  intTKN .   (rule 62)

    $default	reduce using rule 62 (NDatatype)



state 34

    NDatatype  ->  realTKN .   (rule 63)

    $default	reduce using rule 63 (NDatatype)



state 35

    NVariablePtr  ->  bigTKN . NIntConst pointerTKN intTKN localTKN NOffset   (rule 60)

    integerConstTKN	shift, and go to state 3

    NIntConst	go to state 73



state 36

    NBinOp  ->  lessequalTKN .   (rule 51)

    $default	reduce using rule 51 (NBinOp)



state 37

    NBinOp  ->  greaterequalTKN .   (rule 52)

    $default	reduce using rule 52 (NBinOp)



state 38

    NBinOp  ->  notequalTKN .   (rule 53)

    $default	reduce using rule 53 (NBinOp)



state 39

    NBinOp  ->  equalTKN .   (rule 50)

    $default	reduce using rule 50 (NBinOp)



state 40

    NBinOp  ->  corTKN .   (rule 54)

    $default	reduce using rule 54 (NBinOp)



state 41

    NBinOp  ->  candTKN .   (rule 55)

    $default	reduce using rule 55 (NBinOp)



state 42

    NUnaryOp  ->  uminusTKN .   (rule 56)

    $default	reduce using rule 56 (NUnaryOp)



state 43

    NExpr  ->  addressofTKN . NVariable   (rule 37)
    NExpr  ->  addressofTKN . NBigVariable   (rule 38)

    intTKN	shift, and go to state 33
    realTKN	shift, and go to state 34
    bigTKN	shift, and go to state 61

    NVariable	go to state 74
    NBigVariable	go to state 75
    NDatatype	go to state 76



state 44

    NBinOp  ->  '+' .   (rule 43)

    $default	reduce using rule 43 (NBinOp)



state 45

    NBinOp  ->  '-' .   (rule 44)

    $default	reduce using rule 44 (NBinOp)



state 46

    NBinOp  ->  '*' .   (rule 45)

    $default	reduce using rule 45 (NBinOp)



state 47

    NBinOp  ->  '/' .   (rule 46)

    $default	reduce using rule 46 (NBinOp)



state 48

    NBinOp  ->  '%' .   (rule 47)

    $default	reduce using rule 47 (NBinOp)



state 49

    NBinOp  ->  '<' .   (rule 48)

    $default	reduce using rule 48 (NBinOp)



state 50

    NBinOp  ->  '>' .   (rule 49)

    $default	reduce using rule 49 (NBinOp)



state 51

    NUnaryOp  ->  '!' .   (rule 57)

    $default	reduce using rule 57 (NUnaryOp)



state 52

    NWhileStmt  ->  whileTKN NExpr . NStmt   (rule 23)

    whileTKN	shift, and go to state 15
    ifTKN	shift, and go to state 16
    assignTKN	shift, and go to state 17
    returnTKN	shift, and go to state 18
    callTKN	shift, and go to state 19
    printTKN	shift, and go to state 20
    printlnTKN	shift, and go to state 21
    '{' 	shift, and go to state 12

    NCompoundStmt	go to state 22
    NStmt	go to state 77
    NAssignStmt	go to state 25
    NWhileStmt	go to state 26
    IfStmt	go to state 27
    NFunctionCall	go to state 28
    NReturnStmt	go to state 29
    NPrintStmt	go to state 30
    NPrintLnStmt	go to state 31



state 53

    NExpr  ->  NBinOp . NExpr NExpr   (rule 35)

    integerConstTKN	shift, and go to state 3
    realConstTKN	shift, and go to state 32
    intTKN	shift, and go to state 33
    realTKN	shift, and go to state 34
    bigTKN	shift, and go to state 35
    lessequalTKN	shift, and go to state 36
    greaterequalTKN	shift, and go to state 37
    notequalTKN	shift, and go to state 38
    equalTKN	shift, and go to state 39
    corTKN	shift, and go to state 40
    candTKN	shift, and go to state 41
    uminusTKN	shift, and go to state 42
    addressofTKN	shift, and go to state 43
    '+' 	shift, and go to state 44
    '-' 	shift, and go to state 45
    '*' 	shift, and go to state 46
    '/' 	shift, and go to state 47
    '%' 	shift, and go to state 48
    '<' 	shift, and go to state 49
    '>' 	shift, and go to state 50
    '!' 	shift, and go to state 51

    NExpr	go to state 78
    NBinOp	go to state 53
    NUnaryOp	go to state 54
    NVariable	go to state 55
    NVariablePtr	go to state 56
    NDatatype	go to state 57
    NIntConst	go to state 58
    NRealConst	go to state 59



state 54

    NExpr  ->  NUnaryOp . NExpr   (rule 36)

    integerConstTKN	shift, and go to state 3
    realConstTKN	shift, and go to state 32
    intTKN	shift, and go to state 33
    realTKN	shift, and go to state 34
    bigTKN	shift, and go to state 35
    lessequalTKN	shift, and go to state 36
    greaterequalTKN	shift, and go to state 37
    notequalTKN	shift, and go to state 38
    equalTKN	shift, and go to state 39
    corTKN	shift, and go to state 40
    candTKN	shift, and go to state 41
    uminusTKN	shift, and go to state 42
    addressofTKN	shift, and go to state 43
    '+' 	shift, and go to state 44
    '-' 	shift, and go to state 45
    '*' 	shift, and go to state 46
    '/' 	shift, and go to state 47
    '%' 	shift, and go to state 48
    '<' 	shift, and go to state 49
    '>' 	shift, and go to state 50
    '!' 	shift, and go to state 51

    NExpr	go to state 79
    NBinOp	go to state 53
    NUnaryOp	go to state 54
    NVariable	go to state 55
    NVariablePtr	go to state 56
    NDatatype	go to state 57
    NIntConst	go to state 58
    NRealConst	go to state 59



state 55

    NExpr  ->  NVariable .   (rule 39)

    $default	reduce using rule 39 (NExpr)



state 56

    NExpr  ->  NVariablePtr .   (rule 40)

    $default	reduce using rule 40 (NExpr)



state 57

    NVariable  ->  NDatatype . NObjectArea NOffset   (rule 58)
    NVariablePtr  ->  NDatatype . pointerTKN intTKN localTKN NOffset   (rule 59)

    globalTKN	shift, and go to state 80
    localTKN	shift, and go to state 81
    pointerTKN	shift, and go to state 82

    NObjectArea	go to state 83



state 58

    NExpr  ->  NIntConst .   (rule 41)

    $default	reduce using rule 41 (NExpr)



state 59

    NExpr  ->  NRealConst .   (rule 42)

    $default	reduce using rule 42 (NExpr)



state 60

    IfStmt  ->  ifTKN NExpr . thenTKN NStmt   (rule 24)
    IfStmt  ->  ifTKN NExpr . thenTKN NStmt elseTKN NStmt   (rule 25)

    thenTKN	shift, and go to state 84



state 61

    NBigVariable  ->  bigTKN . NIntConst NObjectArea NOffset   (rule 61)

    integerConstTKN	shift, and go to state 3

    NIntConst	go to state 85



state 62

    NAssignStmt  ->  assignTKN NVariable . NExpr   (rule 19)

    integerConstTKN	shift, and go to state 3
    realConstTKN	shift, and go to state 32
    intTKN	shift, and go to state 33
    realTKN	shift, and go to state 34
    bigTKN	shift, and go to state 35
    lessequalTKN	shift, and go to state 36
    greaterequalTKN	shift, and go to state 37
    notequalTKN	shift, and go to state 38
    equalTKN	shift, and go to state 39
    corTKN	shift, and go to state 40
    candTKN	shift, and go to state 41
    uminusTKN	shift, and go to state 42
    addressofTKN	shift, and go to state 43
    '+' 	shift, and go to state 44
    '-' 	shift, and go to state 45
    '*' 	shift, and go to state 46
    '/' 	shift, and go to state 47
    '%' 	shift, and go to state 48
    '<' 	shift, and go to state 49
    '>' 	shift, and go to state 50
    '!' 	shift, and go to state 51

    NExpr	go to state 86
    NBinOp	go to state 53
    NUnaryOp	go to state 54
    NVariable	go to state 55
    NVariablePtr	go to state 56
    NDatatype	go to state 57
    NIntConst	go to state 58
    NRealConst	go to state 59



state 63

    NAssignStmt  ->  assignTKN NBigVariable . NBigVariable   (rule 20)

    bigTKN	shift, and go to state 61

    NBigVariable	go to state 87



state 64

    NAssignStmt  ->  assignTKN NDatatype . pointerTKN intTKN localTKN NOffset NExpr   (rule 21)
    NAssignStmt  ->  assignTKN NDatatype . pointerTKN intTKN localTKN NOffset NExpr NBigVariable   (rule 22)
    NVariable  ->  NDatatype . NObjectArea NOffset   (rule 58)

    globalTKN	shift, and go to state 80
    localTKN	shift, and go to state 81
    pointerTKN	shift, and go to state 88

    NObjectArea	go to state 83



state 65

    NFunctionCall  ->  callTKN NIdent . '(' NIntConst ')'   (rule 26)

    '(' 	shift, and go to state 89



state 66

    NString  ->  stringTKN .   (rule 70)

    $default	reduce using rule 70 (NString)



state 67

    NPrintStmt  ->  printTKN NPrintList .   (rule 28)
    NPrintList  ->  NPrintList . NPrintItem   (rule 31)

    integerConstTKN	shift, and go to state 3
    realConstTKN	shift, and go to state 32
    intTKN	shift, and go to state 33
    realTKN	shift, and go to state 34
    bigTKN	shift, and go to state 35
    lessequalTKN	shift, and go to state 36
    greaterequalTKN	shift, and go to state 37
    notequalTKN	shift, and go to state 38
    equalTKN	shift, and go to state 39
    corTKN	shift, and go to state 40
    candTKN	shift, and go to state 41
    stringTKN	shift, and go to state 66
    uminusTKN	shift, and go to state 42
    addressofTKN	shift, and go to state 43
    '+' 	shift, and go to state 44
    '-' 	shift, and go to state 45
    '*' 	shift, and go to state 46
    '/' 	shift, and go to state 47
    '%' 	shift, and go to state 48
    '<' 	shift, and go to state 49
    '>' 	shift, and go to state 50
    '!' 	shift, and go to state 51

    $default	reduce using rule 28 (NPrintStmt)

    NPrintItem	go to state 90
    NExpr	go to state 69
    NBinOp	go to state 53
    NUnaryOp	go to state 54
    NVariable	go to state 55
    NVariablePtr	go to state 56
    NDatatype	go to state 57
    NIntConst	go to state 58
    NRealConst	go to state 59
    NString	go to state 70



state 68

    NPrintList  ->  NPrintItem .   (rule 32)

    $default	reduce using rule 32 (NPrintList)



state 69

    NPrintItem  ->  NExpr .   (rule 34)

    $default	reduce using rule 34 (NPrintItem)



state 70

    NPrintItem  ->  NString .   (rule 33)

    $default	reduce using rule 33 (NPrintItem)



state 71

    NCompoundStmt  ->  '{' NIntConst NStmtList '}' .   (rule 8)

    $default	reduce using rule 8 (NCompoundStmt)



state 72

    NStmtList  ->  NStmtList NStmt .   (rule 9)

    $default	reduce using rule 9 (NStmtList)



state 73

    NVariablePtr  ->  bigTKN NIntConst . pointerTKN intTKN localTKN NOffset   (rule 60)

    pointerTKN	shift, and go to state 91



state 74

    NExpr  ->  addressofTKN NVariable .   (rule 37)

    $default	reduce using rule 37 (NExpr)



state 75

    NExpr  ->  addressofTKN NBigVariable .   (rule 38)

    $default	reduce using rule 38 (NExpr)



state 76

    NVariable  ->  NDatatype . NObjectArea NOffset   (rule 58)

    globalTKN	shift, and go to state 80
    localTKN	shift, and go to state 81

    NObjectArea	go to state 83



state 77

    NWhileStmt  ->  whileTKN NExpr NStmt .   (rule 23)

    $default	reduce using rule 23 (NWhileStmt)



state 78

    NExpr  ->  NBinOp NExpr . NExpr   (rule 35)

    integerConstTKN	shift, and go to state 3
    realConstTKN	shift, and go to state 32
    intTKN	shift, and go to state 33
    realTKN	shift, and go to state 34
    bigTKN	shift, and go to state 35
    lessequalTKN	shift, and go to state 36
    greaterequalTKN	shift, and go to state 37
    notequalTKN	shift, and go to state 38
    equalTKN	shift, and go to state 39
    corTKN	shift, and go to state 40
    candTKN	shift, and go to state 41
    uminusTKN	shift, and go to state 42
    addressofTKN	shift, and go to state 43
    '+' 	shift, and go to state 44
    '-' 	shift, and go to state 45
    '*' 	shift, and go to state 46
    '/' 	shift, and go to state 47
    '%' 	shift, and go to state 48
    '<' 	shift, and go to state 49
    '>' 	shift, and go to state 50
    '!' 	shift, and go to state 51

    NExpr	go to state 92
    NBinOp	go to state 53
    NUnaryOp	go to state 54
    NVariable	go to state 55
    NVariablePtr	go to state 56
    NDatatype	go to state 57
    NIntConst	go to state 58
    NRealConst	go to state 59



state 79

    NExpr  ->  NUnaryOp NExpr .   (rule 36)

    $default	reduce using rule 36 (NExpr)



state 80

    NObjectArea  ->  globalTKN .   (rule 65)

    $default	reduce using rule 65 (NObjectArea)



state 81

    NObjectArea  ->  localTKN .   (rule 64)

    $default	reduce using rule 64 (NObjectArea)



state 82

    NVariablePtr  ->  NDatatype pointerTKN . intTKN localTKN NOffset   (rule 59)

    intTKN	shift, and go to state 93



state 83

    NVariable  ->  NDatatype NObjectArea . NOffset   (rule 58)

    integerConstTKN	shift, and go to state 3
    realConstTKN	shift, and go to state 32
    intTKN	shift, and go to state 33
    realTKN	shift, and go to state 34
    bigTKN	shift, and go to state 35
    lessequalTKN	shift, and go to state 36
    greaterequalTKN	shift, and go to state 37
    notequalTKN	shift, and go to state 38
    equalTKN	shift, and go to state 39
    corTKN	shift, and go to state 40
    candTKN	shift, and go to state 41
    uminusTKN	shift, and go to state 42
    addressofTKN	shift, and go to state 43
    '+' 	shift, and go to state 44
    '-' 	shift, and go to state 45
    '*' 	shift, and go to state 46
    '/' 	shift, and go to state 47
    '%' 	shift, and go to state 48
    '<' 	shift, and go to state 49
    '>' 	shift, and go to state 50
    '!' 	shift, and go to state 51

    NExpr	go to state 94
    NBinOp	go to state 53
    NUnaryOp	go to state 54
    NVariable	go to state 55
    NVariablePtr	go to state 56
    NDatatype	go to state 57
    NOffset	go to state 95
    NIntConst	go to state 58
    NRealConst	go to state 59



state 84

    IfStmt  ->  ifTKN NExpr thenTKN . NStmt   (rule 24)
    IfStmt  ->  ifTKN NExpr thenTKN . NStmt elseTKN NStmt   (rule 25)

    whileTKN	shift, and go to state 15
    ifTKN	shift, and go to state 16
    assignTKN	shift, and go to state 17
    returnTKN	shift, and go to state 18
    callTKN	shift, and go to state 19
    printTKN	shift, and go to state 20
    printlnTKN	shift, and go to state 21
    '{' 	shift, and go to state 12

    NCompoundStmt	go to state 22
    NStmt	go to state 96
    NAssignStmt	go to state 25
    NWhileStmt	go to state 26
    IfStmt	go to state 27
    NFunctionCall	go to state 28
    NReturnStmt	go to state 29
    NPrintStmt	go to state 30
    NPrintLnStmt	go to state 31



state 85

    NBigVariable  ->  bigTKN NIntConst . NObjectArea NOffset   (rule 61)

    globalTKN	shift, and go to state 80
    localTKN	shift, and go to state 81

    NObjectArea	go to state 97



state 86

    NAssignStmt  ->  assignTKN NVariable NExpr .   (rule 19)

    $default	reduce using rule 19 (NAssignStmt)



state 87

    NAssignStmt  ->  assignTKN NBigVariable NBigVariable .   (rule 20)

    $default	reduce using rule 20 (NAssignStmt)



state 88

    NAssignStmt  ->  assignTKN NDatatype pointerTKN . intTKN localTKN NOffset NExpr   (rule 21)
    NAssignStmt  ->  assignTKN NDatatype pointerTKN . intTKN localTKN NOffset NExpr NBigVariable   (rule 22)

    intTKN	shift, and go to state 98



state 89

    NFunctionCall  ->  callTKN NIdent '(' . NIntConst ')'   (rule 26)

    integerConstTKN	shift, and go to state 3

    NIntConst	go to state 99



state 90

    NPrintList  ->  NPrintList NPrintItem .   (rule 31)

    $default	reduce using rule 31 (NPrintList)



state 91

    NVariablePtr  ->  bigTKN NIntConst pointerTKN . intTKN localTKN NOffset   (rule 60)

    intTKN	shift, and go to state 100



state 92

    NExpr  ->  NBinOp NExpr NExpr .   (rule 35)

    $default	reduce using rule 35 (NExpr)



state 93

    NVariablePtr  ->  NDatatype pointerTKN intTKN . localTKN NOffset   (rule 59)

    localTKN	shift, and go to state 101



state 94

    NOffset  ->  NExpr .   (rule 66)

    $default	reduce using rule 66 (NOffset)



state 95

    NVariable  ->  NDatatype NObjectArea NOffset .   (rule 58)

    $default	reduce using rule 58 (NVariable)



state 96

    IfStmt  ->  ifTKN NExpr thenTKN NStmt .   (rule 24)
    IfStmt  ->  ifTKN NExpr thenTKN NStmt . elseTKN NStmt   (rule 25)

    elseTKN	shift, and go to state 102

    elseTKN	[reduce using rule 24 (IfStmt)]
    $default	reduce using rule 24 (IfStmt)



state 97

    NBigVariable  ->  bigTKN NIntConst NObjectArea . NOffset   (rule 61)

    integerConstTKN	shift, and go to state 3
    realConstTKN	shift, and go to state 32
    intTKN	shift, and go to state 33
    realTKN	shift, and go to state 34
    bigTKN	shift, and go to state 35
    lessequalTKN	shift, and go to state 36
    greaterequalTKN	shift, and go to state 37
    notequalTKN	shift, and go to state 38
    equalTKN	shift, and go to state 39
    corTKN	shift, and go to state 40
    candTKN	shift, and go to state 41
    uminusTKN	shift, and go to state 42
    addressofTKN	shift, and go to state 43
    '+' 	shift, and go to state 44
    '-' 	shift, and go to state 45
    '*' 	shift, and go to state 46
    '/' 	shift, and go to state 47
    '%' 	shift, and go to state 48
    '<' 	shift, and go to state 49
    '>' 	shift, and go to state 50
    '!' 	shift, and go to state 51

    NExpr	go to state 94
    NBinOp	go to state 53
    NUnaryOp	go to state 54
    NVariable	go to state 55
    NVariablePtr	go to state 56
    NDatatype	go to state 57
    NOffset	go to state 103
    NIntConst	go to state 58
    NRealConst	go to state 59



state 98

    NAssignStmt  ->  assignTKN NDatatype pointerTKN intTKN . localTKN NOffset NExpr   (rule 21)
    NAssignStmt  ->  assignTKN NDatatype pointerTKN intTKN . localTKN NOffset NExpr NBigVariable   (rule 22)

    localTKN	shift, and go to state 104



state 99

    NFunctionCall  ->  callTKN NIdent '(' NIntConst . ')'   (rule 26)

    ')' 	shift, and go to state 105



state 100

    NVariablePtr  ->  bigTKN NIntConst pointerTKN intTKN . localTKN NOffset   (rule 60)

    localTKN	shift, and go to state 106



state 101

    NVariablePtr  ->  NDatatype pointerTKN intTKN localTKN . NOffset   (rule 59)

    integerConstTKN	shift, and go to state 3
    realConstTKN	shift, and go to state 32
    intTKN	shift, and go to state 33
    realTKN	shift, and go to state 34
    bigTKN	shift, and go to state 35
    lessequalTKN	shift, and go to state 36
    greaterequalTKN	shift, and go to state 37
    notequalTKN	shift, and go to state 38
    equalTKN	shift, and go to state 39
    corTKN	shift, and go to state 40
    candTKN	shift, and go to state 41
    uminusTKN	shift, and go to state 42
    addressofTKN	shift, and go to state 43
    '+' 	shift, and go to state 44
    '-' 	shift, and go to state 45
    '*' 	shift, and go to state 46
    '/' 	shift, and go to state 47
    '%' 	shift, and go to state 48
    '<' 	shift, and go to state 49
    '>' 	shift, and go to state 50
    '!' 	shift, and go to state 51

    NExpr	go to state 94
    NBinOp	go to state 53
    NUnaryOp	go to state 54
    NVariable	go to state 55
    NVariablePtr	go to state 56
    NDatatype	go to state 57
    NOffset	go to state 107
    NIntConst	go to state 58
    NRealConst	go to state 59



state 102

    IfStmt  ->  ifTKN NExpr thenTKN NStmt elseTKN . NStmt   (rule 25)

    whileTKN	shift, and go to state 15
    ifTKN	shift, and go to state 16
    assignTKN	shift, and go to state 17
    returnTKN	shift, and go to state 18
    callTKN	shift, and go to state 19
    printTKN	shift, and go to state 20
    printlnTKN	shift, and go to state 21
    '{' 	shift, and go to state 12

    NCompoundStmt	go to state 22
    NStmt	go to state 108
    NAssignStmt	go to state 25
    NWhileStmt	go to state 26
    IfStmt	go to state 27
    NFunctionCall	go to state 28
    NReturnStmt	go to state 29
    NPrintStmt	go to state 30
    NPrintLnStmt	go to state 31



state 103

    NBigVariable  ->  bigTKN NIntConst NObjectArea NOffset .   (rule 61)

    $default	reduce using rule 61 (NBigVariable)



state 104

    NAssignStmt  ->  assignTKN NDatatype pointerTKN intTKN localTKN . NOffset NExpr   (rule 21)
    NAssignStmt  ->  assignTKN NDatatype pointerTKN intTKN localTKN . NOffset NExpr NBigVariable   (rule 22)

    integerConstTKN	shift, and go to state 3
    realConstTKN	shift, and go to state 32
    intTKN	shift, and go to state 33
    realTKN	shift, and go to state 34
    bigTKN	shift, and go to state 35
    lessequalTKN	shift, and go to state 36
    greaterequalTKN	shift, and go to state 37
    notequalTKN	shift, and go to state 38
    equalTKN	shift, and go to state 39
    corTKN	shift, and go to state 40
    candTKN	shift, and go to state 41
    uminusTKN	shift, and go to state 42
    addressofTKN	shift, and go to state 43
    '+' 	shift, and go to state 44
    '-' 	shift, and go to state 45
    '*' 	shift, and go to state 46
    '/' 	shift, and go to state 47
    '%' 	shift, and go to state 48
    '<' 	shift, and go to state 49
    '>' 	shift, and go to state 50
    '!' 	shift, and go to state 51

    NExpr	go to state 94
    NBinOp	go to state 53
    NUnaryOp	go to state 54
    NVariable	go to state 55
    NVariablePtr	go to state 56
    NDatatype	go to state 57
    NOffset	go to state 109
    NIntConst	go to state 58
    NRealConst	go to state 59



state 105

    NFunctionCall  ->  callTKN NIdent '(' NIntConst ')' .   (rule 26)

    $default	reduce using rule 26 (NFunctionCall)



state 106

    NVariablePtr  ->  bigTKN NIntConst pointerTKN intTKN localTKN . NOffset   (rule 60)

    integerConstTKN	shift, and go to state 3
    realConstTKN	shift, and go to state 32
    intTKN	shift, and go to state 33
    realTKN	shift, and go to state 34
    bigTKN	shift, and go to state 35
    lessequalTKN	shift, and go to state 36
    greaterequalTKN	shift, and go to state 37
    notequalTKN	shift, and go to state 38
    equalTKN	shift, and go to state 39
    corTKN	shift, and go to state 40
    candTKN	shift, and go to state 41
    uminusTKN	shift, and go to state 42
    addressofTKN	shift, and go to state 43
    '+' 	shift, and go to state 44
    '-' 	shift, and go to state 45
    '*' 	shift, and go to state 46
    '/' 	shift, and go to state 47
    '%' 	shift, and go to state 48
    '<' 	shift, and go to state 49
    '>' 	shift, and go to state 50
    '!' 	shift, and go to state 51

    NExpr	go to state 94
    NBinOp	go to state 53
    NUnaryOp	go to state 54
    NVariable	go to state 55
    NVariablePtr	go to state 56
    NDatatype	go to state 57
    NOffset	go to state 110
    NIntConst	go to state 58
    NRealConst	go to state 59



state 107

    NVariablePtr  ->  NDatatype pointerTKN intTKN localTKN NOffset .   (rule 59)

    $default	reduce using rule 59 (NVariablePtr)



state 108

    IfStmt  ->  ifTKN NExpr thenTKN NStmt elseTKN NStmt .   (rule 25)

    $default	reduce using rule 25 (IfStmt)



state 109

    NAssignStmt  ->  assignTKN NDatatype pointerTKN intTKN localTKN NOffset . NExpr   (rule 21)
    NAssignStmt  ->  assignTKN NDatatype pointerTKN intTKN localTKN NOffset . NExpr NBigVariable   (rule 22)

    integerConstTKN	shift, and go to state 3
    realConstTKN	shift, and go to state 32
    intTKN	shift, and go to state 33
    realTKN	shift, and go to state 34
    bigTKN	shift, and go to state 35
    lessequalTKN	shift, and go to state 36
    greaterequalTKN	shift, and go to state 37
    notequalTKN	shift, and go to state 38
    equalTKN	shift, and go to state 39
    corTKN	shift, and go to state 40
    candTKN	shift, and go to state 41
    uminusTKN	shift, and go to state 42
    addressofTKN	shift, and go to state 43
    '+' 	shift, and go to state 44
    '-' 	shift, and go to state 45
    '*' 	shift, and go to state 46
    '/' 	shift, and go to state 47
    '%' 	shift, and go to state 48
    '<' 	shift, and go to state 49
    '>' 	shift, and go to state 50
    '!' 	shift, and go to state 51

    NExpr	go to state 111
    NBinOp	go to state 53
    NUnaryOp	go to state 54
    NVariable	go to state 55
    NVariablePtr	go to state 56
    NDatatype	go to state 57
    NIntConst	go to state 58
    NRealConst	go to state 59



state 110

    NVariablePtr  ->  bigTKN NIntConst pointerTKN intTKN localTKN NOffset .   (rule 60)

    $default	reduce using rule 60 (NVariablePtr)



state 111

    NAssignStmt  ->  assignTKN NDatatype pointerTKN intTKN localTKN NOffset NExpr .   (rule 21)
    NAssignStmt  ->  assignTKN NDatatype pointerTKN intTKN localTKN NOffset NExpr . NBigVariable   (rule 22)

    bigTKN	shift, and go to state 61

    $default	reduce using rule 21 (NAssignStmt)

    NBigVariable	go to state 112



state 112

    NAssignStmt  ->  assignTKN NDatatype pointerTKN intTKN localTKN NOffset NExpr NBigVariable .   (rule 22)

    $default	reduce using rule 22 (NAssignStmt)



state 113

    $   	go to state 114



state 114

    $   	go to state 115



state 115

    $default	accept
